<?xml version="1.0" encoding="UTF-8"?>
<!-- Generated by org.testng.reporters.JUnitXMLReporter -->
<testsuite hostname="DESKTOP-DJQ94NE" name="adminTest" tests="4" failures="0" timestamp="10 Nov 2022 03:21:41 GMT" time="0.204" errors="0">
  <testcase name="@BeforeTest orangeHRMApplicationLunch" time="0.0" classname="com.OrangeHRM.TestNG_TestCase6">
    <failure type="java.lang.IllegalStateException" message="The path to the driver executable must be set by the webdriver.chrome.driver system property; for more information, see https://github.com/SeleniumHQ/selenium/wiki/ChromeDriver. The latest version can be downloaded from http://chromedriver.storage.googleapis.com/index.html">
      <![CDATA[java.lang.IllegalStateException: The path to the driver executable must be set by the webdriver.chrome.driver system property; for more information, see https://github.com/SeleniumHQ/selenium/wiki/ChromeDriver. The latest version can be downloaded from http://chromedriver.storage.googleapis.com/index.html
	at com.google.common.base.Preconditions.checkState(Preconditions.java:847)
	at org.openqa.selenium.remote.service.DriverService.findExecutable(DriverService.java:134)
	at org.openqa.selenium.chrome.ChromeDriverService.access$000(ChromeDriverService.java:35)
	at org.openqa.selenium.chrome.ChromeDriverService$Builder.findDefaultExecutable(ChromeDriverService.java:159)
	at org.openqa.selenium.remote.service.DriverService$Builder.build(DriverService.java:355)
	at org.openqa.selenium.chrome.ChromeDriverService.createDefaultService(ChromeDriverService.java:94)
	at org.openqa.selenium.chrome.ChromeDriver.<init>(ChromeDriver.java:123)
	at com.OrangeHRM.OrangeHRM_BaseTest.orangeHRMApplicationLunch(OrangeHRM_BaseTest.java:19)
	at java.util.concurrent.FutureTask.run(Unknown Source)
	at java.util.concurrent.ThreadPoolExecutor.runWorker(Unknown Source)
	at java.util.concurrent.ThreadPoolExecutor$Worker.run(Unknown Source)
	at java.lang.Thread.run(Unknown Source)
... Removed 14 stack frames]]>
    </failure>
  </testcase> <!-- @BeforeTest orangeHRMApplicationLunch -->
  <testcase name="@AfterTest orangeHRMapplicationClose" time="0.0" classname="com.OrangeHRM.TestNG_TestCase6">
    <skipped/>
  </testcase> <!-- @AfterTest orangeHRMapplicationClose -->
  <testcase name="LoginTest" time="0.002" classname="com.OrangeHRM.TestNG_TestCase6">
    <skipped/>
  </testcase> <!-- LoginTest -->
  <testcase name="orangeHRMAdminTest" time="0.002" classname="com.OrangeHRM.TestNG_TestCase6">
    <skipped/>
  </testcase> <!-- orangeHRMAdminTest -->
  <testcase name="orangeHRMAdminUserManagementTest" time="0.01" classname="com.OrangeHRM.TestNG_TestCase6">
    <skipped/>
  </testcase> <!-- orangeHRMAdminUserManagementTest -->
  <testcase name="systemUsersResultsTableTest" time="0.001" classname="com.OrangeHRM.TestNG_TestCase6">
    <skipped/>
  </testcase> <!-- systemUsersResultsTableTest -->
</testsuite> <!-- adminTest -->
